c:\users\stromel\desktop\opengl_reference\017_textures\my_solution\bin\intermediates\win32\release\vc142.pdb
c:\users\stromel\desktop\opengl_reference\017_textures\my_solution\bin\intermediates\win32\release\vertexbuffer.obj
c:\users\stromel\desktop\opengl_reference\017_textures\my_solution\bin\intermediates\win32\release\vertexarray.obj
c:\users\stromel\desktop\opengl_reference\017_textures\my_solution\bin\intermediates\win32\release\shader.obj
c:\users\stromel\desktop\opengl_reference\017_textures\my_solution\bin\intermediates\win32\release\renderer.obj
c:\users\stromel\desktop\opengl_reference\017_textures\my_solution\bin\intermediates\win32\release\indexbuffer.obj
c:\users\stromel\desktop\opengl_reference\017_textures\my_solution\bin\intermediates\win32\release\application.obj
c:\users\stromel\desktop\opengl_reference\017_textures\my_solution\bin\intermediates\win32\release\stb_image.obj
c:\users\stromel\desktop\opengl_reference\017_textures\my_solution\bin\intermediates\win32\release\texture.obj
c:\users\stromel\desktop\opengl_reference\018_blending\my_solution\bin\intermediates\win32\release\vc142.pdb
c:\users\stromel\desktop\opengl_reference\018_blending\my_solution\bin\intermediates\win32\release\vertexbuffer.obj
c:\users\stromel\desktop\opengl_reference\018_blending\my_solution\bin\intermediates\win32\release\vertexarray.obj
c:\users\stromel\desktop\opengl_reference\018_blending\my_solution\bin\intermediates\win32\release\stb_image.obj
c:\users\stromel\desktop\opengl_reference\018_blending\my_solution\bin\intermediates\win32\release\texture.obj
c:\users\stromel\desktop\opengl_reference\018_blending\my_solution\bin\intermediates\win32\release\shader.obj
c:\users\stromel\desktop\opengl_reference\018_blending\my_solution\bin\intermediates\win32\release\renderer.obj
c:\users\stromel\desktop\opengl_reference\018_blending\my_solution\bin\intermediates\win32\release\indexbuffer.obj
c:\users\stromel\desktop\opengl_reference\018_blending\my_solution\bin\intermediates\win32\release\application.obj
c:\users\stromel\desktop\opengl_reference\019_math\my_solution\bin\intermediates\win32\release\vc142.pdb
c:\users\stromel\desktop\opengl_reference\019_math\my_solution\bin\intermediates\win32\release\vertexbuffer.obj
c:\users\stromel\desktop\opengl_reference\019_math\my_solution\bin\intermediates\win32\release\vertexarray.obj
c:\users\stromel\desktop\opengl_reference\019_math\my_solution\bin\intermediates\win32\release\stb_image.obj
c:\users\stromel\desktop\opengl_reference\019_math\my_solution\bin\intermediates\win32\release\texture.obj
c:\users\stromel\desktop\opengl_reference\019_math\my_solution\bin\intermediates\win32\release\shader.obj
c:\users\stromel\desktop\opengl_reference\019_math\my_solution\bin\intermediates\win32\release\renderer.obj
c:\users\stromel\desktop\opengl_reference\019_math\my_solution\bin\intermediates\win32\release\indexbuffer.obj
c:\users\stromel\desktop\opengl_reference\019_math\my_solution\bin\intermediates\win32\release\application.obj
c:\users\stromel\desktop\opengl_reference\019_math\my_solution\bin\intermediates\win32\release\glm.obj
c:\users\stromel\desktop\opengl_reference\020_projection_matrices\my_solution\bin\intermediates\win32\release\vc142.pdb
c:\users\stromel\desktop\opengl_reference\020_projection_matrices\my_solution\bin\intermediates\win32\release\vertexbuffer.obj
c:\users\stromel\desktop\opengl_reference\020_projection_matrices\my_solution\bin\intermediates\win32\release\vertexarray.obj
c:\users\stromel\desktop\opengl_reference\020_projection_matrices\my_solution\bin\intermediates\win32\release\stb_image.obj
c:\users\stromel\desktop\opengl_reference\020_projection_matrices\my_solution\bin\intermediates\win32\release\glm.obj
c:\users\stromel\desktop\opengl_reference\020_projection_matrices\my_solution\bin\intermediates\win32\release\texture.obj
c:\users\stromel\desktop\opengl_reference\020_projection_matrices\my_solution\bin\intermediates\win32\release\shader.obj
c:\users\stromel\desktop\opengl_reference\020_projection_matrices\my_solution\bin\intermediates\win32\release\renderer.obj
c:\users\stromel\desktop\opengl_reference\020_projection_matrices\my_solution\bin\intermediates\win32\release\indexbuffer.obj
c:\users\stromel\desktop\opengl_reference\020_projection_matrices\my_solution\bin\intermediates\win32\release\application.obj
c:\users\stromel\desktop\opengl_reference\017_textures\my_solution\bin\win32\release\my_project.exe
c:\users\stromel\desktop\opengl_reference\017_textures\my_solution\bin\win32\release\my_project.pdb
c:\users\stromel\desktop\opengl_reference\018_blending\my_solution\bin\win32\release\my_project.exe
c:\users\stromel\desktop\opengl_reference\018_blending\my_solution\bin\win32\release\my_project.pdb
c:\users\stromel\desktop\opengl_reference\019_math\my_solution\bin\win32\release\my_project.exe
c:\users\stromel\desktop\opengl_reference\019_math\my_solution\bin\win32\release\my_project.pdb
c:\users\stromel\desktop\opengl_reference\020_projection_matrices\my_solution\bin\win32\release\my_project.exe
c:\users\stromel\desktop\opengl_reference\020_projection_matrices\my_solution\bin\win32\release\my_project.pdb
c:\users\stromel\desktop\opengl_reference\017_textures\my_solution\bin\win32\release\my_project.ipdb
c:\users\stromel\desktop\opengl_reference\017_textures\my_solution\bin\win32\release\my_project.iobj
c:\users\stromel\desktop\opengl_reference\018_blending\my_solution\bin\win32\release\my_project.ipdb
c:\users\stromel\desktop\opengl_reference\018_blending\my_solution\bin\win32\release\my_project.iobj
c:\users\stromel\desktop\opengl_reference\019_math\my_solution\bin\win32\release\my_project.ipdb
c:\users\stromel\desktop\opengl_reference\019_math\my_solution\bin\win32\release\my_project.iobj
c:\users\stromel\desktop\opengl_reference\020_projection_matrices\my_solution\bin\win32\release\my_project.ipdb
c:\users\stromel\desktop\opengl_reference\020_projection_matrices\my_solution\bin\win32\release\my_project.iobj
c:\users\stromel\desktop\opengl_reference\020_projection_matrices\my_solution\bin\intermediates\win32\release\my_project.tlog\cl.command.1.tlog
c:\users\stromel\desktop\opengl_reference\020_projection_matrices\my_solution\bin\intermediates\win32\release\my_project.tlog\cl.read.1.tlog
c:\users\stromel\desktop\opengl_reference\020_projection_matrices\my_solution\bin\intermediates\win32\release\my_project.tlog\cl.write.1.tlog
c:\users\stromel\desktop\opengl_reference\020_projection_matrices\my_solution\bin\intermediates\win32\release\my_project.tlog\link.command.1.tlog
c:\users\stromel\desktop\opengl_reference\020_projection_matrices\my_solution\bin\intermediates\win32\release\my_project.tlog\link.read.1.tlog
c:\users\stromel\desktop\opengl_reference\020_projection_matrices\my_solution\bin\intermediates\win32\release\my_project.tlog\link.write.1.tlog
c:\users\stromel\desktop\opengl_reference\020_projection_matrices\my_solution\bin\intermediates\win32\release\my_project.tlog\my_project.write.1u.tlog
