c:\users\stromel\desktop\opengl_reference\007_shader_code\my_solution\bin\intermediates\win32\release\vc142.pdb
c:\users\stromel\desktop\opengl_reference\007_shader_code\my_solution\bin\intermediates\win32\release\application.obj
c:\users\stromel\desktop\opengl_reference\010_errors\my_solution\bin\intermediates\win32\release\vc142.pdb
c:\users\stromel\desktop\opengl_reference\010_errors\my_solution\bin\intermediates\win32\release\application.obj
c:\users\stromel\desktop\opengl_reference\007_shader_code\my_solution\bin\win32\release\my_project.exe
c:\users\stromel\desktop\opengl_reference\007_shader_code\my_solution\bin\win32\release\my_project.pdb
c:\users\stromel\desktop\opengl_reference\010_errors\my_solution\bin\win32\release\my_project.exe
c:\users\stromel\desktop\opengl_reference\010_errors\my_solution\bin\win32\release\my_project.pdb
c:\users\stromel\desktop\opengl_reference\007_shader_code\my_solution\bin\win32\release\my_project.ipdb
c:\users\stromel\desktop\opengl_reference\007_shader_code\my_solution\bin\win32\release\my_project.iobj
c:\users\stromel\desktop\opengl_reference\010_errors\my_solution\bin\win32\release\my_project.ipdb
c:\users\stromel\desktop\opengl_reference\010_errors\my_solution\bin\win32\release\my_project.iobj
c:\users\stromel\desktop\opengl_reference\013_abstraction_into_classes\my_solution\bin\intermediates\win32\release\application.obj
c:\users\stromel\desktop\opengl_reference\013_abstraction_into_classes\my_solution\bin\intermediates\win32\release\vc142.pdb
c:\users\stromel\desktop\opengl_reference\013_abstraction_into_classes\my_solution\bin\win32\release\my_project.pdb
c:\users\stromel\desktop\opengl_reference\013_abstraction_into_classes\my_solution\bin\win32\release\my_project.exe
c:\users\stromel\desktop\opengl_reference\013_abstraction_into_classes\my_solution\bin\intermediates\win32\release\my_project.tlog\cl.command.1.tlog
c:\users\stromel\desktop\opengl_reference\013_abstraction_into_classes\my_solution\bin\intermediates\win32\release\my_project.tlog\cl.read.1.tlog
c:\users\stromel\desktop\opengl_reference\013_abstraction_into_classes\my_solution\bin\intermediates\win32\release\my_project.tlog\cl.write.1.tlog
c:\users\stromel\desktop\opengl_reference\013_abstraction_into_classes\my_solution\bin\intermediates\win32\release\my_project.tlog\link.command.1.tlog
c:\users\stromel\desktop\opengl_reference\013_abstraction_into_classes\my_solution\bin\intermediates\win32\release\my_project.tlog\link.read.1.tlog
c:\users\stromel\desktop\opengl_reference\013_abstraction_into_classes\my_solution\bin\intermediates\win32\release\my_project.tlog\link.write.1.tlog
c:\users\stromel\desktop\opengl_reference\013_abstraction_into_classes\my_solution\bin\intermediates\win32\release\my_project.tlog\my_project.write.1u.tlog
