c:\users\stromel\desktop\opengl_reference\003_moden_opengl\my_solution\bin\intermediates\win32\debug\vc142.pdb
c:\users\stromel\desktop\opengl_reference\003_moden_opengl\my_solution\bin\intermediates\win32\debug\vc142.idb
c:\users\stromel\desktop\opengl_reference\003_moden_opengl\my_solution\bin\intermediates\win32\debug\application.obj
c:\users\stromel\desktop\opengl_reference\004_vertex_buffering\my_solution\bin\intermediates\win32\debug\vc142.pdb
c:\users\stromel\desktop\opengl_reference\004_vertex_buffering\my_solution\bin\intermediates\win32\debug\vc142.idb
c:\users\stromel\desktop\opengl_reference\004_vertex_buffering\my_solution\bin\intermediates\win32\debug\application.obj
c:\users\stromel\desktop\opengl_reference\005_vertex_attributes\my_solution\bin\intermediates\win32\debug\vc142.pdb
c:\users\stromel\desktop\opengl_reference\005_vertex_attributes\my_solution\bin\intermediates\win32\debug\vc142.idb
c:\users\stromel\desktop\opengl_reference\005_vertex_attributes\my_solution\bin\intermediates\win32\debug\application.obj
c:\users\stromel\desktop\opengl_reference\007_shader_code\my_solution\bin\intermediates\win32\debug\vc142.pdb
c:\users\stromel\desktop\opengl_reference\007_shader_code\my_solution\bin\intermediates\win32\debug\vc142.idb
c:\users\stromel\desktop\opengl_reference\007_shader_code\my_solution\bin\intermediates\win32\debug\application.obj
c:\users\stromel\desktop\opengl_reference\003_moden_opengl\my_solution\bin\win32\debug\my_project.exe
c:\users\stromel\desktop\opengl_reference\003_moden_opengl\my_solution\bin\win32\debug\my_project.ilk
c:\users\stromel\desktop\opengl_reference\003_moden_opengl\my_solution\bin\win32\debug\my_project.pdb
c:\users\stromel\desktop\opengl_reference\004_vertex_buffering\my_solution\bin\win32\debug\my_project.exe
c:\users\stromel\desktop\opengl_reference\004_vertex_buffering\my_solution\bin\win32\debug\my_project.ilk
c:\users\stromel\desktop\opengl_reference\004_vertex_buffering\my_solution\bin\win32\debug\my_project.pdb
c:\users\stromel\desktop\opengl_reference\005_vertex_attributes\my_solution\bin\win32\debug\my_project.exe
c:\users\stromel\desktop\opengl_reference\005_vertex_attributes\my_solution\bin\win32\debug\my_project.ilk
c:\users\stromel\desktop\opengl_reference\005_vertex_attributes\my_solution\bin\win32\debug\my_project.pdb
c:\users\stromel\desktop\opengl_reference\007_shader_code\my_solution\bin\win32\debug\my_project.exe
c:\users\stromel\desktop\opengl_reference\007_shader_code\my_solution\bin\win32\debug\my_project.ilk
c:\users\stromel\desktop\opengl_reference\007_shader_code\my_solution\bin\win32\debug\my_project.pdb
c:\users\stromel\desktop\opengl_reference\007_shader_code\my_solution\bin\intermediates\win32\debug\my_project.tlog\cl.command.1.tlog
c:\users\stromel\desktop\opengl_reference\007_shader_code\my_solution\bin\intermediates\win32\debug\my_project.tlog\cl.read.1.tlog
c:\users\stromel\desktop\opengl_reference\007_shader_code\my_solution\bin\intermediates\win32\debug\my_project.tlog\cl.write.1.tlog
c:\users\stromel\desktop\opengl_reference\007_shader_code\my_solution\bin\intermediates\win32\debug\my_project.tlog\link.command.1.tlog
c:\users\stromel\desktop\opengl_reference\007_shader_code\my_solution\bin\intermediates\win32\debug\my_project.tlog\link.read.1.tlog
c:\users\stromel\desktop\opengl_reference\007_shader_code\my_solution\bin\intermediates\win32\debug\my_project.tlog\link.write.1.tlog
