c:\users\stromel\desktop\opengl_reference\007_shader_code\my_solution\bin\intermediates\win32\debug\vc142.pdb
c:\users\stromel\desktop\opengl_reference\007_shader_code\my_solution\bin\intermediates\win32\debug\vc142.idb
c:\users\stromel\desktop\opengl_reference\007_shader_code\my_solution\bin\intermediates\win32\debug\application.obj
c:\users\stromel\desktop\opengl_reference\008_improved_shader_code\my_solution\bin\intermediates\win32\debug\vc142.pdb
c:\users\stromel\desktop\opengl_reference\008_improved_shader_code\my_solution\bin\intermediates\win32\debug\vc142.idb
c:\users\stromel\desktop\opengl_reference\008_improved_shader_code\my_solution\bin\intermediates\win32\debug\application.obj
c:\users\stromel\desktop\opengl_reference\009_index_buffers\my_solution\bin\intermediates\win32\debug\vc142.pdb
c:\users\stromel\desktop\opengl_reference\009_index_buffers\my_solution\bin\intermediates\win32\debug\vc142.idb
c:\users\stromel\desktop\opengl_reference\009_index_buffers\my_solution\bin\intermediates\win32\debug\application.obj
c:\users\stromel\desktop\opengl_reference\010_errors\my_solution\bin\intermediates\win32\debug\vc142.pdb
c:\users\stromel\desktop\opengl_reference\010_errors\my_solution\bin\intermediates\win32\debug\vc142.idb
c:\users\stromel\desktop\opengl_reference\010_errors\my_solution\bin\intermediates\win32\debug\application.obj
c:\users\stromel\desktop\opengl_reference\011_uniforms\my_solution\bin\intermediates\win32\debug\vc142.pdb
c:\users\stromel\desktop\opengl_reference\011_uniforms\my_solution\bin\intermediates\win32\debug\vc142.idb
c:\users\stromel\desktop\opengl_reference\011_uniforms\my_solution\bin\intermediates\win32\debug\application.obj
c:\users\stromel\desktop\opengl_reference\012_vertex_arrays\my_solution\bin\intermediates\win32\debug\vc142.pdb
c:\users\stromel\desktop\opengl_reference\012_vertex_arrays\my_solution\bin\intermediates\win32\debug\vc142.idb
c:\users\stromel\desktop\opengl_reference\012_vertex_arrays\my_solution\bin\intermediates\win32\debug\application.obj
c:\users\stromel\desktop\opengl_reference\013_abstraction_into_classes\my_solution\bin\intermediates\win32\debug\vc142.pdb
c:\users\stromel\desktop\opengl_reference\013_abstraction_into_classes\my_solution\bin\intermediates\win32\debug\vc142.idb
c:\users\stromel\desktop\opengl_reference\013_abstraction_into_classes\my_solution\bin\intermediates\win32\debug\vertexbuffer.obj
c:\users\stromel\desktop\opengl_reference\013_abstraction_into_classes\my_solution\bin\intermediates\win32\debug\renderer.obj
c:\users\stromel\desktop\opengl_reference\013_abstraction_into_classes\my_solution\bin\intermediates\win32\debug\indexbuffer.obj
c:\users\stromel\desktop\opengl_reference\013_abstraction_into_classes\my_solution\bin\intermediates\win32\debug\application.obj
c:\users\stromel\desktop\opengl_reference\014_buffer_layout_abstraction\my_solution\bin\intermediates\win32\debug\vc142.pdb
c:\users\stromel\desktop\opengl_reference\014_buffer_layout_abstraction\my_solution\bin\intermediates\win32\debug\vc142.idb
c:\users\stromel\desktop\opengl_reference\014_buffer_layout_abstraction\my_solution\bin\intermediates\win32\debug\vertexbuffer.obj
c:\users\stromel\desktop\opengl_reference\014_buffer_layout_abstraction\my_solution\bin\intermediates\win32\debug\renderer.obj
c:\users\stromel\desktop\opengl_reference\014_buffer_layout_abstraction\my_solution\bin\intermediates\win32\debug\indexbuffer.obj
c:\users\stromel\desktop\opengl_reference\014_buffer_layout_abstraction\my_solution\bin\intermediates\win32\debug\application.obj
c:\users\stromel\desktop\opengl_reference\014_buffer_layout_abstraction\my_solution\bin\intermediates\win32\debug\vertexarray.obj
c:\users\stromel\desktop\opengl_reference\015_shader_abstraction\my_solution\bin\intermediates\win32\debug\vc142.pdb
c:\users\stromel\desktop\opengl_reference\015_shader_abstraction\my_solution\bin\intermediates\win32\debug\vc142.idb
c:\users\stromel\desktop\opengl_reference\015_shader_abstraction\my_solution\bin\intermediates\win32\debug\vertexbuffer.obj
c:\users\stromel\desktop\opengl_reference\015_shader_abstraction\my_solution\bin\intermediates\win32\debug\vertexarray.obj
c:\users\stromel\desktop\opengl_reference\015_shader_abstraction\my_solution\bin\intermediates\win32\debug\shader.obj
c:\users\stromel\desktop\opengl_reference\015_shader_abstraction\my_solution\bin\intermediates\win32\debug\renderer.obj
c:\users\stromel\desktop\opengl_reference\015_shader_abstraction\my_solution\bin\intermediates\win32\debug\indexbuffer.obj
c:\users\stromel\desktop\opengl_reference\015_shader_abstraction\my_solution\bin\intermediates\win32\debug\application.obj
c:\users\stromel\desktop\opengl_reference\007_shader_code\my_solution\bin\win32\debug\my_project.exe
c:\users\stromel\desktop\opengl_reference\007_shader_code\my_solution\bin\win32\debug\my_project.ilk
c:\users\stromel\desktop\opengl_reference\007_shader_code\my_solution\bin\win32\debug\my_project.pdb
c:\users\stromel\desktop\opengl_reference\008_improved_shader_code\my_solution\bin\win32\debug\my_project.exe
c:\users\stromel\desktop\opengl_reference\008_improved_shader_code\my_solution\bin\win32\debug\my_project.ilk
c:\users\stromel\desktop\opengl_reference\008_improved_shader_code\my_solution\bin\win32\debug\my_project.pdb
c:\users\stromel\desktop\opengl_reference\009_index_buffers\my_solution\bin\win32\debug\my_project.exe
c:\users\stromel\desktop\opengl_reference\009_index_buffers\my_solution\bin\win32\debug\my_project.ilk
c:\users\stromel\desktop\opengl_reference\009_index_buffers\my_solution\bin\win32\debug\my_project.pdb
c:\users\stromel\desktop\opengl_reference\010_errors\my_solution\bin\win32\debug\my_project.exe
c:\users\stromel\desktop\opengl_reference\010_errors\my_solution\bin\win32\debug\my_project.ilk
c:\users\stromel\desktop\opengl_reference\010_errors\my_solution\bin\win32\debug\my_project.pdb
c:\users\stromel\desktop\opengl_reference\011_uniforms\my_solution\bin\win32\debug\my_project.exe
c:\users\stromel\desktop\opengl_reference\011_uniforms\my_solution\bin\win32\debug\my_project.ilk
c:\users\stromel\desktop\opengl_reference\011_uniforms\my_solution\bin\win32\debug\my_project.pdb
c:\users\stromel\desktop\opengl_reference\012_vertex_arrays\my_solution\bin\win32\debug\my_project.exe
c:\users\stromel\desktop\opengl_reference\012_vertex_arrays\my_solution\bin\win32\debug\my_project.ilk
c:\users\stromel\desktop\opengl_reference\012_vertex_arrays\my_solution\bin\win32\debug\my_project.pdb
c:\users\stromel\desktop\opengl_reference\013_abstraction_into_classes\my_solution\bin\win32\debug\my_project.exe
c:\users\stromel\desktop\opengl_reference\013_abstraction_into_classes\my_solution\bin\win32\debug\my_project.ilk
c:\users\stromel\desktop\opengl_reference\013_abstraction_into_classes\my_solution\bin\win32\debug\my_project.pdb
c:\users\stromel\desktop\opengl_reference\014_buffer_layout_abstraction\my_solution\bin\win32\debug\my_project.exe
c:\users\stromel\desktop\opengl_reference\014_buffer_layout_abstraction\my_solution\bin\win32\debug\my_project.ilk
c:\users\stromel\desktop\opengl_reference\014_buffer_layout_abstraction\my_solution\bin\win32\debug\my_project.pdb
c:\users\stromel\desktop\opengl_reference\015_shader_abstraction\my_solution\bin\win32\debug\my_project.pdb
c:\users\stromel\desktop\opengl_reference\015_shader_abstraction\my_solution\bin\intermediates\win32\debug\my_project.tlog\cl.command.1.tlog
c:\users\stromel\desktop\opengl_reference\015_shader_abstraction\my_solution\bin\intermediates\win32\debug\my_project.tlog\cl.read.1.tlog
c:\users\stromel\desktop\opengl_reference\015_shader_abstraction\my_solution\bin\intermediates\win32\debug\my_project.tlog\cl.write.1.tlog
c:\users\stromel\desktop\opengl_reference\015_shader_abstraction\my_solution\bin\intermediates\win32\debug\my_project.tlog\link-cvtres.read.1.tlog
c:\users\stromel\desktop\opengl_reference\015_shader_abstraction\my_solution\bin\intermediates\win32\debug\my_project.tlog\link-cvtres.write.1.tlog
c:\users\stromel\desktop\opengl_reference\015_shader_abstraction\my_solution\bin\intermediates\win32\debug\my_project.tlog\link-rc.read.1.tlog
c:\users\stromel\desktop\opengl_reference\015_shader_abstraction\my_solution\bin\intermediates\win32\debug\my_project.tlog\link-rc.write.1.tlog
c:\users\stromel\desktop\opengl_reference\015_shader_abstraction\my_solution\bin\intermediates\win32\debug\my_project.tlog\link.command.1.tlog
c:\users\stromel\desktop\opengl_reference\015_shader_abstraction\my_solution\bin\intermediates\win32\debug\my_project.tlog\link.read.1.tlog
c:\users\stromel\desktop\opengl_reference\015_shader_abstraction\my_solution\bin\intermediates\win32\debug\my_project.tlog\link.write.1.tlog
