  Application.cpp
  IndexBuffer.cpp
  Renderer.cpp
  Shader.cpp
  Test.cpp
  TestClearColor.cpp
  TestTexture2D.cpp
  Texture.cpp
  glm.cpp
  imgui.cpp
  imgui_draw.cpp
  imgui_impl_glfw.cpp
  imgui_impl_opengl3.cpp
  imgui_widgets.cpp
  stb_image.cpp
  VertexArray.cpp
C:\Users\Stromel\Desktop\opengl_reference\027_faster_uniform\My_Solution\My_Project\src\VertexArray.cpp(23,20): warning C4018: '<': signed/unsigned mismatch
  VertexBuffer.cpp
  Generating Code...
LINK : warning LNK4098: defaultlib 'LIBCMT' conflicts with use of other libs; use /NODEFAULTLIB:library
LINK : warning LNK4098: defaultlib 'MSVCRT' conflicts with use of other libs; use /NODEFAULTLIB:library
glew32s.lib(glew.obj) : warning LNK4099: PDB 'vc120.pdb' was not found with 'glew32s.lib(glew.obj)' or at 'C:\Users\Stromel\Desktop\opengl_reference\027_faster_uniform\My_Solution\bin\Win32\Debug\vc120.pdb'; linking object as if no debug info
  My_Project.vcxproj -> C:\Users\Stromel\Desktop\opengl_reference\027_faster_uniform\My_Solution\bin\Win32\Debug\My_Project.exe
